<?xml version="1.0" encoding="UTF-8"?>
<!-- Generated by org.testng.reporters.JUnitXMLReporter -->
<testsuite ignored="0" hostname="LAPTOP-HVSP6FHG" failures="0" tests="3" name="Test" time="76.1" errors="0" timestamp="2022-10-12T10:11:12 IST">
  <testcase classname="Com.OrangeHRM.TestCases.HomePageTest" name="Employename" time="16.79"/>
  <testcase classname="Com.OrangeHRM.TestCases.LoginPageTest" name="orangehrmtiltle" time="10.604"/>
  <testcase classname="Com.OrangeHRM.TestCases.LoginPageTest" name="orangeuserandpassword" time="10.585"/>
</testsuite> <!-- Test -->
