<?xml version="1.0" encoding="UTF-8"?>
<testng-results ignored="0" total="2" passed="2" failed="0" skipped="0">
  <reporter-output>
  </reporter-output>
  <suite started-at="2022-10-14T08:46:00 IST" name="Default suite" finished-at="2022-10-14T08:46:52 IST" duration-ms="52217">
    <groups>
    </groups>
    <test started-at="2022-10-14T08:46:00 IST" name="Default test" finished-at="2022-10-14T08:46:52 IST" duration-ms="52217">
      <class name="Com.OrangeHRM.TestCases.HomePageTest">
        <test-method is-config="true" signature="setup()[pri:0, instance:Com.OrangeHRM.TestCases.HomePageTest@20ce78ec]" started-at="2022-10-14T08:46:00 IST" name="setup" finished-at="2022-10-14T08:46:06 IST" duration-ms="5787" status="PASS">
          <reporter-output>
          </reporter-output>
        </test-method> <!-- setup -->
        <test-method signature="Employename()[pri:0, instance:Com.OrangeHRM.TestCases.HomePageTest@20ce78ec]" started-at="2022-10-14T08:46:06 IST" name="Employename" finished-at="2022-10-14T08:46:19 IST" duration-ms="13832" status="PASS">
          <reporter-output>
          </reporter-output>
        </test-method> <!-- Employename -->
        <test-method is-config="true" signature="teardown()[pri:0, instance:Com.OrangeHRM.TestCases.HomePageTest@20ce78ec]" started-at="2022-10-14T08:46:19 IST" name="teardown" finished-at="2022-10-14T08:46:20 IST" duration-ms="452" status="PASS">
          <reporter-output>
          </reporter-output>
        </test-method> <!-- teardown -->
        <test-method is-config="true" signature="setup()[pri:0, instance:Com.OrangeHRM.TestCases.HomePageTest@20ce78ec]" started-at="2022-10-14T08:46:20 IST" name="setup" finished-at="2022-10-14T08:46:23 IST" duration-ms="3005" status="PASS">
          <reporter-output>
          </reporter-output>
        </test-method> <!-- setup -->
        <test-method signature="addemploye1()[pri:0, instance:Com.OrangeHRM.TestCases.HomePageTest@20ce78ec]" started-at="2022-10-14T08:46:23 IST" name="addemploye1" finished-at="2022-10-14T08:46:51 IST" duration-ms="28615" status="PASS">
          <reporter-output>
          </reporter-output>
        </test-method> <!-- addemploye1 -->
        <test-method is-config="true" signature="teardown()[pri:0, instance:Com.OrangeHRM.TestCases.HomePageTest@20ce78ec]" started-at="2022-10-14T08:46:51 IST" name="teardown" finished-at="2022-10-14T08:46:52 IST" duration-ms="486" status="PASS">
          <reporter-output>
          </reporter-output>
        </test-method> <!-- teardown -->
      </class> <!-- Com.OrangeHRM.TestCases.HomePageTest -->
    </test> <!-- Default test -->
  </suite> <!-- Default suite -->
</testng-results>
